{"C:\\Users\\dhs22\\Documents\\react-study\\teste-u4c\\mocks.js": {"path":"C:\\Users\\dhs22\\Documents\\react-study\\teste-u4c\\mocks.js","statementMap":{"0":{"start":{"line":1,"column":21},"end":{"line":11,"column":1}},"1":{"start":{"line":12,"column":24},"end":{"line":28,"column":1}},"2":{"start":{"line":29,"column":25},"end":{"line":61,"column":1}},"3":{"start":{"line":62,"column":0},"end":{"line":66,"column":2}}},"fnMap":{},"branchMap":{},"s":{"0":3,"1":3,"2":3,"3":3},"f":{},"b":{},"inputSourceMap":null,"_coverageSchema":"1a1c01bbd47fc00a2c39e90264f33305004495a9","hash":"0cc658ab95fb451ca32446b6df80e06c7b605b17"}
,"C:\\Users\\dhs22\\Documents\\react-study\\teste-u4c\\src\\index.ts": {"path":"C:\\Users\\dhs22\\Documents\\react-study\\teste-u4c\\src\\index.ts","statementMap":{"0":{"start":{"line":1,"column":0},"end":{"line":1,"column":26}},"1":{"start":{"line":2,"column":0},"end":{"line":2,"column":27}},"2":{"start":{"line":3,"column":13},"end":{"line":3,"column":34}},"3":{"start":{"line":4,"column":0},"end":{"line":4,"column":37}},"4":{"start":{"line":5,"column":0},"end":{"line":5,"column":70}},"5":{"start":{"line":7,"column":0},"end":{"line":7,"column":37}},"6":{"start":{"line":15,"column":4},"end":{"line":15,"column":15}},"7":{"start":{"line":17,"column":13},"end":{"line":26,"column":null}},"8":{"start":{"line":28,"column":0},"end":{"line":29,"column":40}},"9":{"start":{"line":29,"column":20},"end":{"line":29,"column":38}},"10":{"start":{"line":31,"column":15},"end":{"line":34,"column":2}},"11":{"start":{"line":35,"column":0},"end":{"line":35,"column":68}},"12":{"start":{"line":37,"column":13},"end":{"line":40,"column":2}},"13":{"start":{"line":37,"column":24},"end":{"line":40,"column":2}},"14":{"start":{"line":38,"column":4},"end":{"line":38,"column":25}},"15":{"start":{"line":39,"column":4},"end":{"line":39,"column":58}},"16":{"start":{"line":42,"column":0},"end":{"line":45,"column":3}},"17":{"start":{"line":43,"column":4},"end":{"line":43,"column":21}},"18":{"start":{"line":44,"column":4},"end":{"line":44,"column":20}},"19":{"start":{"line":47,"column":0},"end":{"line":47,"column":7}},"20":{"start":{"line":49,"column":0},"end":{"line":49,"column":24}}},"fnMap":{"0":{"name":"(anonymous_13)","decl":{"start":{"line":29,"column":9},"end":{"line":29,"column":10}},"loc":{"start":{"line":29,"column":20},"end":{"line":29,"column":38}}},"1":{"name":"(anonymous_14)","decl":{"start":{"line":37,"column":13},"end":{"line":37,"column":22}},"loc":{"start":{"line":37,"column":24},"end":{"line":40,"column":2}}},"2":{"name":"(anonymous_15)","decl":{"start":{"line":37,"column":24},"end":{"line":37,"column":null}},"loc":{"start":{"line":37,"column":24},"end":{"line":40,"column":1}}},"3":{"name":"(anonymous_16)","decl":{"start":{"line":42,"column":33},"end":{"line":42,"column":34}},"loc":{"start":{"line":42,"column":41},"end":{"line":45,"column":1}}}},"branchMap":{"0":{"loc":{"start":{"line":32,"column":9},"end":{"line":32,"column":40}},"type":"binary-expr","locations":[{"start":{"line":32,"column":9},"end":{"line":32,"column":25}},{"start":{"line":32,"column":29},"end":{"line":32,"column":40}}]},"1":{"loc":{"start":{"line":33,"column":8},"end":{"line":33,"column":34}},"type":"binary-expr","locations":[{"start":{"line":33,"column":8},"end":{"line":33,"column":24}},{"start":{"line":33,"column":28},"end":{"line":33,"column":34}}]}},"s":{"0":3,"1":3,"2":3,"3":3,"4":3,"5":3,"6":3,"7":3,"8":3,"9":0,"10":3,"11":3,"12":3,"13":3,"14":3,"15":3,"16":3,"17":0,"18":0,"19":3,"20":3},"f":{"0":0,"1":3,"2":3,"3":0},"b":{"0":[3,0],"1":[3,0]}}
,"C:\\Users\\dhs22\\Documents\\react-study\\teste-u4c\\src\\controllers\\incidents.ts": {"path":"C:\\Users\\dhs22\\Documents\\react-study\\teste-u4c\\src\\controllers\\incidents.ts","statementMap":{"0":{"start":{"line":2,"column":0},"end":{"line":2,"column":42}},"1":{"start":{"line":3,"column":0},"end":{"line":3,"column":31}},"2":{"start":{"line":6,"column":0},"end":{"line":6,"column":70}},"3":{"start":{"line":7,"column":0},"end":{"line":7,"column":74}},"4":{"start":{"line":8,"column":0},"end":{"line":8,"column":50}},"5":{"start":{"line":10,"column":30},"end":{"line":78,"column":2}},"6":{"start":{"line":10,"column":75},"end":{"line":78,"column":2}},"7":{"start":{"line":16,"column":6},"end":{"line":16,"column":33}},"8":{"start":{"line":18,"column":36},"end":{"line":18,"column":81}},"9":{"start":{"line":19,"column":31},"end":{"line":19,"column":53}},"10":{"start":{"line":20,"column":2},"end":{"line":24,"column":null}},"11":{"start":{"line":21,"column":4},"end":{"line":23,"column":17}},"12":{"start":{"line":25,"column":2},"end":{"line":45,"column":null}},"13":{"start":{"line":26,"column":4},"end":{"line":26,"column":36}},"14":{"start":{"line":28,"column":20},"end":{"line":28,"column":37}},"15":{"start":{"line":29,"column":21},"end":{"line":32,"column":6}},"16":{"start":{"line":34,"column":4},"end":{"line":42,"column":6}},"17":{"start":{"line":43,"column":17},"end":{"line":43,"column":42}},"18":{"start":{"line":44,"column":4},"end":{"line":44,"column":31}},"19":{"start":{"line":47,"column":38},"end":{"line":47,"column":71}},"20":{"start":{"line":48,"column":2},"end":{"line":52,"column":null}},"21":{"start":{"line":49,"column":4},"end":{"line":51,"column":17}},"22":{"start":{"line":53,"column":39},"end":{"line":53,"column":66}},"23":{"start":{"line":54,"column":2},"end":{"line":58,"column":null}},"24":{"start":{"line":55,"column":4},"end":{"line":57,"column":17}},"25":{"start":{"line":59,"column":2},"end":{"line":64,"column":4}},"26":{"start":{"line":70,"column":6},"end":{"line":70,"column":34}},"27":{"start":{"line":67,"column":4},"end":{"line":67,"column":10}},"28":{"start":{"line":67,"column":31},"end":{"line":67,"column":36}},"29":{"start":{"line":67,"column":44},"end":{"line":67,"column":null}},"30":{"start":{"line":68,"column":4},"end":{"line":68,"column":16}},"31":{"start":{"line":68,"column":43},"end":{"line":68,"column":48}},"32":{"start":{"line":68,"column":61},"end":{"line":68,"column":null}},"33":{"start":{"line":69,"column":11},"end":{"line":70,"column":6}},"34":{"start":{"line":72,"column":2},"end":{"line":77,"column":15}},"35":{"start":{"line":10,"column":13},"end":{"line":10,"column":30}}},"fnMap":{"0":{"name":"(anonymous_9)","decl":{"start":{"line":10,"column":30},"end":{"line":10,"column":37}},"loc":{"start":{"line":10,"column":75},"end":{"line":78,"column":2}}},"1":{"name":"(anonymous_10)","decl":{"start":{"line":10,"column":75},"end":{"line":10,"column":null}},"loc":{"start":{"line":10,"column":75},"end":{"line":78,"column":1}}}},"branchMap":{"0":{"loc":{"start":{"line":20,"column":2},"end":{"line":24,"column":null}},"type":"if","locations":[{"start":{"line":20,"column":2},"end":{"line":24,"column":null}}]},"1":{"loc":{"start":{"line":20,"column":5},"end":{"line":20,"column":57}},"type":"binary-expr","locations":[{"start":{"line":20,"column":5},"end":{"line":20,"column":14}},{"start":{"line":20,"column":18},"end":{"line":20,"column":57}}]},"2":{"loc":{"start":{"line":25,"column":2},"end":{"line":45,"column":null}},"type":"if","locations":[{"start":{"line":25,"column":2},"end":{"line":45,"column":null}},{"start":{"line":27,"column":9},"end":{"line":45,"column":null}}]},"3":{"loc":{"start":{"line":25,"column":6},"end":{"line":25,"column":31}},"type":"binary-expr","locations":[{"start":{"line":25,"column":6},"end":{"line":25,"column":15}},{"start":{"line":25,"column":19},"end":{"line":25,"column":31}}]},"4":{"loc":{"start":{"line":48,"column":2},"end":{"line":52,"column":null}},"type":"if","locations":[{"start":{"line":48,"column":2},"end":{"line":52,"column":null}}]},"5":{"loc":{"start":{"line":48,"column":5},"end":{"line":48,"column":28}},"type":"binary-expr","locations":[{"start":{"line":48,"column":5},"end":{"line":48,"column":13}},{"start":{"line":48,"column":17},"end":{"line":48,"column":28}}]},"6":{"loc":{"start":{"line":54,"column":2},"end":{"line":58,"column":null}},"type":"if","locations":[{"start":{"line":54,"column":2},"end":{"line":58,"column":null}}]},"7":{"loc":{"start":{"line":54,"column":5},"end":{"line":54,"column":38}},"type":"binary-expr","locations":[{"start":{"line":54,"column":5},"end":{"line":54,"column":18}},{"start":{"line":54,"column":22},"end":{"line":54,"column":38}}]}},"s":{"0":3,"1":3,"2":3,"3":3,"4":3,"5":3,"6":5,"7":5,"8":5,"9":5,"10":5,"11":1,"12":4,"13":3,"14":1,"15":1,"16":1,"17":1,"18":1,"19":4,"20":4,"21":1,"22":3,"23":3,"24":1,"25":2,"26":2,"27":2,"28":2,"29":2,"30":2,"31":2,"32":2,"33":2,"34":2,"35":3},"f":{"0":5,"1":5},"b":{"0":[1],"1":[5,5],"2":[3,1],"3":[4,4],"4":[1],"5":[4,4],"6":[1],"7":[3,3]}}
,"C:\\Users\\dhs22\\Documents\\react-study\\teste-u4c\\src\\controllers\\index.ts": {"path":"C:\\Users\\dhs22\\Documents\\react-study\\teste-u4c\\src\\controllers\\index.ts","statementMap":{"0":{"start":{"line":1,"column":0},"end":{"line":1,"column":32}},"1":{"start":{"line":2,"column":0},"end":{"line":2,"column":39}},"2":{"start":{"line":3,"column":0},"end":{"line":3,"column":41}}},"fnMap":{},"branchMap":{},"s":{"0":3,"1":3,"2":3},"f":{},"b":{}}
,"C:\\Users\\dhs22\\Documents\\react-study\\teste-u4c\\src\\controllers\\users.ts": {"path":"C:\\Users\\dhs22\\Documents\\react-study\\teste-u4c\\src\\controllers\\users.ts","statementMap":{"0":{"start":{"line":1,"column":0},"end":{"line":1,"column":31}},"1":{"start":{"line":4,"column":0},"end":{"line":4,"column":70}},"2":{"start":{"line":6,"column":26},"end":{"line":29,"column":2}},"3":{"start":{"line":6,"column":73},"end":{"line":29,"column":2}},"4":{"start":{"line":9,"column":6},"end":{"line":9,"column":29}},"5":{"start":{"line":11,"column":29},"end":{"line":11,"column":95}},"6":{"start":{"line":12,"column":21},"end":{"line":12,"column":40}},"7":{"start":{"line":14,"column":2},"end":{"line":22,"column":4}},"8":{"start":{"line":24,"column":43},"end":{"line":24,"column":63}},"9":{"start":{"line":24,"column":29},"end":{"line":24,"column":34}},"10":{"start":{"line":24,"column":38},"end":{"line":24,"column":43}},"11":{"start":{"line":25,"column":2},"end":{"line":28,"column":22}},"12":{"start":{"line":6,"column":13},"end":{"line":6,"column":26}},"13":{"start":{"line":31,"column":24},"end":{"line":50,"column":2}},"14":{"start":{"line":31,"column":71},"end":{"line":50,"column":2}},"15":{"start":{"line":34,"column":7},"end":{"line":34,"column":30}},"16":{"start":{"line":36,"column":38},"end":{"line":36,"column":72}},"17":{"start":{"line":37,"column":2},"end":{"line":47,"column":null}},"18":{"start":{"line":38,"column":4},"end":{"line":44,"column":6}},"19":{"start":{"line":46,"column":4},"end":{"line":46,"column":33}},"20":{"start":{"line":49,"column":2},"end":{"line":49,"column":34}},"21":{"start":{"line":31,"column":13},"end":{"line":31,"column":24}}},"fnMap":{"0":{"name":"(anonymous_9)","decl":{"start":{"line":6,"column":26},"end":{"line":6,"column":33}},"loc":{"start":{"line":6,"column":73},"end":{"line":29,"column":2}}},"1":{"name":"(anonymous_10)","decl":{"start":{"line":6,"column":73},"end":{"line":6,"column":null}},"loc":{"start":{"line":6,"column":73},"end":{"line":29,"column":1}}},"2":{"name":"(anonymous_11)","decl":{"start":{"line":31,"column":24},"end":{"line":31,"column":31}},"loc":{"start":{"line":31,"column":71},"end":{"line":50,"column":2}}},"3":{"name":"(anonymous_12)","decl":{"start":{"line":31,"column":71},"end":{"line":31,"column":null}},"loc":{"start":{"line":31,"column":71},"end":{"line":50,"column":1}}}},"branchMap":{"0":{"loc":{"start":{"line":11,"column":29},"end":{"line":11,"column":95}},"type":"binary-expr","locations":[{"start":{"line":11,"column":29},"end":{"line":11,"column":74}},{"start":{"line":11,"column":78},"end":{"line":11,"column":95}}]},"1":{"loc":{"start":{"line":12,"column":21},"end":{"line":12,"column":40}},"type":"cond-expr","locations":[{"start":{"line":12,"column":31},"end":{"line":12,"column":34}},{"start":{"line":12,"column":37},"end":{"line":12,"column":40}}]},"2":{"loc":{"start":{"line":37,"column":2},"end":{"line":47,"column":null}},"type":"if","locations":[{"start":{"line":37,"column":2},"end":{"line":47,"column":null}}]},"3":{"loc":{"start":{"line":37,"column":5},"end":{"line":37,"column":36}},"type":"binary-expr","locations":[{"start":{"line":37,"column":5},"end":{"line":37,"column":17}},{"start":{"line":37,"column":21},"end":{"line":37,"column":36}}]}},"s":{"0":3,"1":3,"2":3,"3":2,"4":2,"5":2,"6":2,"7":2,"8":2,"9":2,"10":2,"11":2,"12":3,"13":3,"14":2,"15":2,"16":2,"17":2,"18":1,"19":1,"20":2,"21":3},"f":{"0":2,"1":2,"2":2,"3":2},"b":{"0":[2,0],"1":[1,1],"2":[1],"3":[2,2]}}
,"C:\\Users\\dhs22\\Documents\\react-study\\teste-u4c\\src\\controllers\\vehicles.ts": {"path":"C:\\Users\\dhs22\\Documents\\react-study\\teste-u4c\\src\\controllers\\vehicles.ts","statementMap":{"0":{"start":{"line":3,"column":0},"end":{"line":3,"column":43}},"1":{"start":{"line":4,"column":0},"end":{"line":4,"column":72}},"2":{"start":{"line":6,"column":29},"end":{"line":26,"column":2}},"3":{"start":{"line":6,"column":76},"end":{"line":26,"column":2}},"4":{"start":{"line":9,"column":6},"end":{"line":9,"column":33}},"5":{"start":{"line":10,"column":29},"end":{"line":10,"column":57}},"6":{"start":{"line":11,"column":2},"end":{"line":15,"column":null}},"7":{"start":{"line":12,"column":4},"end":{"line":14,"column":17}},"8":{"start":{"line":16,"column":32},"end":{"line":16,"column":86}},"9":{"start":{"line":20,"column":6},"end":{"line":20,"column":32}},"10":{"start":{"line":19,"column":4},"end":{"line":19,"column":10}},"11":{"start":{"line":19,"column":31},"end":{"line":19,"column":36}},"12":{"start":{"line":19,"column":44},"end":{"line":19,"column":51}},"13":{"start":{"line":19,"column":55},"end":{"line":20,"column":6}},"14":{"start":{"line":22,"column":2},"end":{"line":25,"column":15}},"15":{"start":{"line":6,"column":13},"end":{"line":6,"column":29}}},"fnMap":{"0":{"name":"(anonymous_8)","decl":{"start":{"line":6,"column":29},"end":{"line":6,"column":36}},"loc":{"start":{"line":6,"column":76},"end":{"line":26,"column":2}}},"1":{"name":"(anonymous_9)","decl":{"start":{"line":6,"column":76},"end":{"line":6,"column":null}},"loc":{"start":{"line":6,"column":76},"end":{"line":26,"column":1}}}},"branchMap":{"0":{"loc":{"start":{"line":11,"column":2},"end":{"line":15,"column":null}},"type":"if","locations":[{"start":{"line":11,"column":2},"end":{"line":15,"column":null}}]},"1":{"loc":{"start":{"line":11,"column":5},"end":{"line":11,"column":22}},"type":"binary-expr","locations":[{"start":{"line":11,"column":5},"end":{"line":11,"column":10}},{"start":{"line":11,"column":14},"end":{"line":11,"column":22}}]}},"s":{"0":3,"1":3,"2":3,"3":2,"4":2,"5":2,"6":2,"7":1,"8":1,"9":1,"10":1,"11":1,"12":1,"13":1,"14":1,"15":3},"f":{"0":2,"1":2},"b":{"0":[1],"1":[2,2]}}
,"C:\\Users\\dhs22\\Documents\\react-study\\teste-u4c\\src\\entity\\Incidents.ts": {"path":"C:\\Users\\dhs22\\Documents\\react-study\\teste-u4c\\src\\entity\\Incidents.ts","statementMap":{"0":{"start":{"line":1,"column":0},"end":{"line":1,"column":76}},"1":{"start":{"line":3,"column":0},"end":{"line":3,"column":37}},"2":{"start":{"line":6,"column":7},"end":{"line":27,"column":null}},"3":{"start":{"line":7,"column":2},"end":{"line":8,"column":null}},"4":{"start":{"line":10,"column":2},"end":{"line":11,"column":null}},"5":{"start":{"line":10,"column":19},"end":{"line":10,"column":24}},"6":{"start":{"line":10,"column":36},"end":{"line":10,"column":49}},"7":{"start":{"line":13,"column":2},"end":{"line":14,"column":null}},"8":{"start":{"line":13,"column":19},"end":{"line":13,"column":27}},"9":{"start":{"line":13,"column":42},"end":{"line":13,"column":57}},"10":{"start":{"line":16,"column":2},"end":{"line":17,"column":null}},"11":{"start":{"line":16,"column":19},"end":{"line":16,"column":24}},"12":{"start":{"line":16,"column":36},"end":{"line":16,"column":51}},"13":{"start":{"line":19,"column":2},"end":{"line":20,"column":null}},"14":{"start":{"line":22,"column":2},"end":{"line":23,"column":null}},"15":{"start":{"line":25,"column":2},"end":{"line":26,"column":null}},"16":{"start":{"line":6,"column":13},"end":{"line":27,"column":null}},"17":{"start":{"line":6,"column":13},"end":{"line":6,"column":22}}},"fnMap":{"0":{"name":"(anonymous_2)","decl":{"start":{"line":10,"column":13},"end":{"line":10,"column":16}},"loc":{"start":{"line":10,"column":19},"end":{"line":10,"column":24}}},"1":{"name":"(anonymous_3)","decl":{"start":{"line":10,"column":26},"end":{"line":10,"column":27}},"loc":{"start":{"line":10,"column":36},"end":{"line":10,"column":49}}},"2":{"name":"(anonymous_4)","decl":{"start":{"line":13,"column":13},"end":{"line":13,"column":16}},"loc":{"start":{"line":13,"column":19},"end":{"line":13,"column":27}}},"3":{"name":"(anonymous_5)","decl":{"start":{"line":13,"column":29},"end":{"line":13,"column":30}},"loc":{"start":{"line":13,"column":42},"end":{"line":13,"column":57}}},"4":{"name":"(anonymous_6)","decl":{"start":{"line":16,"column":13},"end":{"line":16,"column":16}},"loc":{"start":{"line":16,"column":19},"end":{"line":16,"column":24}}},"5":{"name":"(anonymous_7)","decl":{"start":{"line":16,"column":26},"end":{"line":16,"column":27}},"loc":{"start":{"line":16,"column":36},"end":{"line":16,"column":51}}}},"branchMap":{},"s":{"0":3,"1":3,"2":3,"3":3,"4":3,"5":2,"6":2,"7":3,"8":2,"9":2,"10":3,"11":2,"12":2,"13":3,"14":3,"15":3,"16":3,"17":3},"f":{"0":2,"1":2,"2":2,"3":2,"4":2,"5":2},"b":{}}
,"C:\\Users\\dhs22\\Documents\\react-study\\teste-u4c\\src\\entity\\Users.ts": {"path":"C:\\Users\\dhs22\\Documents\\react-study\\teste-u4c\\src\\entity\\Users.ts","statementMap":{"0":{"start":{"line":1,"column":0},"end":{"line":1,"column":76}},"1":{"start":{"line":2,"column":0},"end":{"line":2,"column":41}},"2":{"start":{"line":5,"column":7},"end":{"line":41,"column":null}},"3":{"start":{"line":6,"column":2},"end":{"line":7,"column":null}},"4":{"start":{"line":9,"column":2},"end":{"line":10,"column":null}},"5":{"start":{"line":12,"column":2},"end":{"line":13,"column":null}},"6":{"start":{"line":15,"column":2},"end":{"line":16,"column":null}},"7":{"start":{"line":18,"column":2},"end":{"line":19,"column":null}},"8":{"start":{"line":21,"column":2},"end":{"line":22,"column":null}},"9":{"start":{"line":24,"column":2},"end":{"line":25,"column":null}},"10":{"start":{"line":27,"column":2},"end":{"line":28,"column":null}},"11":{"start":{"line":30,"column":2},"end":{"line":31,"column":null}},"12":{"start":{"line":33,"column":2},"end":{"line":34,"column":null}},"13":{"start":{"line":33,"column":19},"end":{"line":33,"column":27}},"14":{"start":{"line":33,"column":42},"end":{"line":33,"column":54}},"15":{"start":{"line":36,"column":2},"end":{"line":37,"column":null}},"16":{"start":{"line":36,"column":19},"end":{"line":36,"column":28}},"17":{"start":{"line":36,"column":44},"end":{"line":36,"column":57}},"18":{"start":{"line":39,"column":2},"end":{"line":40,"column":null}},"19":{"start":{"line":39,"column":19},"end":{"line":39,"column":28}},"20":{"start":{"line":39,"column":44},"end":{"line":39,"column":63}},"21":{"start":{"line":5,"column":13},"end":{"line":41,"column":null}},"22":{"start":{"line":5,"column":13},"end":{"line":5,"column":18}}},"fnMap":{"0":{"name":"(anonymous_2)","decl":{"start":{"line":33,"column":13},"end":{"line":33,"column":16}},"loc":{"start":{"line":33,"column":19},"end":{"line":33,"column":27}}},"1":{"name":"(anonymous_3)","decl":{"start":{"line":33,"column":29},"end":{"line":33,"column":30}},"loc":{"start":{"line":33,"column":42},"end":{"line":33,"column":54}}},"2":{"name":"(anonymous_4)","decl":{"start":{"line":36,"column":13},"end":{"line":36,"column":16}},"loc":{"start":{"line":36,"column":19},"end":{"line":36,"column":28}}},"3":{"name":"(anonymous_5)","decl":{"start":{"line":36,"column":30},"end":{"line":36,"column":31}},"loc":{"start":{"line":36,"column":44},"end":{"line":36,"column":57}}},"4":{"name":"(anonymous_6)","decl":{"start":{"line":39,"column":13},"end":{"line":39,"column":16}},"loc":{"start":{"line":39,"column":19},"end":{"line":39,"column":28}}},"5":{"name":"(anonymous_7)","decl":{"start":{"line":39,"column":30},"end":{"line":39,"column":31}},"loc":{"start":{"line":39,"column":44},"end":{"line":39,"column":63}}}},"branchMap":{},"s":{"0":3,"1":3,"2":3,"3":3,"4":3,"5":3,"6":3,"7":3,"8":3,"9":3,"10":3,"11":3,"12":3,"13":2,"14":2,"15":3,"16":2,"17":2,"18":3,"19":2,"20":2,"21":3,"22":3},"f":{"0":2,"1":2,"2":2,"3":2,"4":2,"5":2},"b":{}}
,"C:\\Users\\dhs22\\Documents\\react-study\\teste-u4c\\src\\entity\\Vehicles.ts": {"path":"C:\\Users\\dhs22\\Documents\\react-study\\teste-u4c\\src\\entity\\Vehicles.ts","statementMap":{"0":{"start":{"line":1,"column":0},"end":{"line":1,"column":null}},"1":{"start":{"line":6,"column":0},"end":{"line":6,"column":38}},"2":{"start":{"line":9,"column":7},"end":{"line":31,"column":null}},"3":{"start":{"line":10,"column":2},"end":{"line":11,"column":null}},"4":{"start":{"line":13,"column":2},"end":{"line":14,"column":null}},"5":{"start":{"line":16,"column":2},"end":{"line":17,"column":null}},"6":{"start":{"line":20,"column":2},"end":{"line":21,"column":null}},"7":{"start":{"line":23,"column":2},"end":{"line":24,"column":null}},"8":{"start":{"line":26,"column":2},"end":{"line":27,"column":null}},"9":{"start":{"line":26,"column":19},"end":{"line":26,"column":24}},"10":{"start":{"line":26,"column":36},"end":{"line":26,"column":48}},"11":{"start":{"line":29,"column":2},"end":{"line":30,"column":null}},"12":{"start":{"line":29,"column":19},"end":{"line":29,"column":28}},"13":{"start":{"line":29,"column":44},"end":{"line":29,"column":60}},"14":{"start":{"line":9,"column":13},"end":{"line":31,"column":null}},"15":{"start":{"line":9,"column":13},"end":{"line":9,"column":21}}},"fnMap":{"0":{"name":"(anonymous_2)","decl":{"start":{"line":26,"column":13},"end":{"line":26,"column":16}},"loc":{"start":{"line":26,"column":19},"end":{"line":26,"column":24}}},"1":{"name":"(anonymous_3)","decl":{"start":{"line":26,"column":26},"end":{"line":26,"column":27}},"loc":{"start":{"line":26,"column":36},"end":{"line":26,"column":48}}},"2":{"name":"(anonymous_4)","decl":{"start":{"line":29,"column":13},"end":{"line":29,"column":16}},"loc":{"start":{"line":29,"column":19},"end":{"line":29,"column":28}}},"3":{"name":"(anonymous_5)","decl":{"start":{"line":29,"column":30},"end":{"line":29,"column":31}},"loc":{"start":{"line":29,"column":44},"end":{"line":29,"column":60}}}},"branchMap":{},"s":{"0":3,"1":3,"2":3,"3":3,"4":3,"5":3,"6":3,"7":3,"8":3,"9":2,"10":2,"11":3,"12":2,"13":2,"14":3,"15":3},"f":{"0":2,"1":2,"2":2,"3":2},"b":{}}
,"C:\\Users\\dhs22\\Documents\\react-study\\teste-u4c\\src\\entity\\index.ts": {"path":"C:\\Users\\dhs22\\Documents\\react-study\\teste-u4c\\src\\entity\\index.ts","statementMap":{"0":{"start":{"line":1,"column":0},"end":{"line":1,"column":9}},"1":{"start":{"line":1,"column":9},"end":{"line":1,"column":32}},"2":{"start":{"line":2,"column":0},"end":{"line":2,"column":9}},"3":{"start":{"line":2,"column":9},"end":{"line":2,"column":38}},"4":{"start":{"line":3,"column":0},"end":{"line":3,"column":9}},"5":{"start":{"line":3,"column":9},"end":{"line":3,"column":40}}},"fnMap":{"0":{"name":"(anonymous_0)","decl":{"start":{"line":1,"column":9},"end":{"line":1,"column":14}},"loc":{"start":{"line":1,"column":9},"end":{"line":1,"column":32}}},"1":{"name":"(anonymous_1)","decl":{"start":{"line":2,"column":9},"end":{"line":2,"column":17}},"loc":{"start":{"line":2,"column":9},"end":{"line":2,"column":38}}},"2":{"name":"(anonymous_2)","decl":{"start":{"line":3,"column":9},"end":{"line":3,"column":18}},"loc":{"start":{"line":3,"column":9},"end":{"line":3,"column":40}}}},"branchMap":{},"s":{"0":3,"1":21,"2":3,"3":13,"4":3,"5":16},"f":{"0":18,"1":10,"2":13},"b":{}}
,"C:\\Users\\dhs22\\Documents\\react-study\\teste-u4c\\src\\routes\\incidents.ts": {"path":"C:\\Users\\dhs22\\Documents\\react-study\\teste-u4c\\src\\routes\\incidents.ts","statementMap":{"0":{"start":{"line":1,"column":0},"end":{"line":1,"column":43}},"1":{"start":{"line":3,"column":0},"end":{"line":3,"column":52}},"2":{"start":{"line":5,"column":13},"end":{"line":18,"column":2}}},"fnMap":{},"branchMap":{},"s":{"0":3,"1":3,"2":3},"f":{},"b":{}}
,"C:\\Users\\dhs22\\Documents\\react-study\\teste-u4c\\src\\routes\\index.ts": {"path":"C:\\Users\\dhs22\\Documents\\react-study\\teste-u4c\\src\\routes\\index.ts","statementMap":{"0":{"start":{"line":1,"column":0},"end":{"line":1,"column":9}},"1":{"start":{"line":1,"column":9},"end":{"line":1,"column":37}},"2":{"start":{"line":2,"column":0},"end":{"line":2,"column":9}},"3":{"start":{"line":2,"column":9},"end":{"line":2,"column":43}},"4":{"start":{"line":3,"column":0},"end":{"line":3,"column":9}},"5":{"start":{"line":3,"column":9},"end":{"line":3,"column":46}}},"fnMap":{"0":{"name":"(anonymous_0)","decl":{"start":{"line":1,"column":9},"end":{"line":1,"column":19}},"loc":{"start":{"line":1,"column":9},"end":{"line":1,"column":37}}},"1":{"name":"(anonymous_1)","decl":{"start":{"line":2,"column":9},"end":{"line":2,"column":22}},"loc":{"start":{"line":2,"column":9},"end":{"line":2,"column":43}}},"2":{"name":"(anonymous_2)","decl":{"start":{"line":3,"column":9},"end":{"line":3,"column":24}},"loc":{"start":{"line":3,"column":9},"end":{"line":3,"column":46}}}},"branchMap":{},"s":{"0":3,"1":6,"2":3,"3":6,"4":3,"5":6},"f":{"0":3,"1":3,"2":3},"b":{}}
,"C:\\Users\\dhs22\\Documents\\react-study\\teste-u4c\\src\\routes\\users.ts": {"path":"C:\\Users\\dhs22\\Documents\\react-study\\teste-u4c\\src\\routes\\users.ts","statementMap":{"0":{"start":{"line":1,"column":0},"end":{"line":1,"column":38}},"1":{"start":{"line":3,"column":0},"end":{"line":3,"column":71}},"2":{"start":{"line":5,"column":13},"end":{"line":28,"column":2}}},"fnMap":{},"branchMap":{},"s":{"0":3,"1":3,"2":3},"f":{},"b":{}}
,"C:\\Users\\dhs22\\Documents\\react-study\\teste-u4c\\src\\routes\\vehicles.ts": {"path":"C:\\Users\\dhs22\\Documents\\react-study\\teste-u4c\\src\\routes\\vehicles.ts","statementMap":{"0":{"start":{"line":1,"column":0},"end":{"line":1,"column":42}},"1":{"start":{"line":3,"column":0},"end":{"line":3,"column":51}},"2":{"start":{"line":5,"column":13},"end":{"line":16,"column":2}}},"fnMap":{},"branchMap":{},"s":{"0":3,"1":3,"2":3},"f":{},"b":{}}
,"C:\\Users\\dhs22\\Documents\\react-study\\teste-u4c\\src\\services\\incident.ts": {"path":"C:\\Users\\dhs22\\Documents\\react-study\\teste-u4c\\src\\services\\incident.ts","statementMap":{"0":{"start":{"line":1,"column":0},"end":{"line":1,"column":35}},"1":{"start":{"line":2,"column":0},"end":{"line":2,"column":38}},"2":{"start":{"line":5,"column":36},"end":{"line":7,"column":1}},"3":{"start":{"line":6,"column":2},"end":{"line":6,"column":25}},"4":{"start":{"line":5,"column":13},"end":{"line":5,"column":36}},"5":{"start":{"line":9,"column":28},"end":{"line":12,"column":2}},"6":{"start":{"line":9,"column":61},"end":{"line":12,"column":2}},"7":{"start":{"line":10,"column":29},"end":{"line":10,"column":67}},"8":{"start":{"line":11,"column":2},"end":{"line":11,"column":43}},"9":{"start":{"line":9,"column":13},"end":{"line":9,"column":28}}},"fnMap":{"0":{"name":"(anonymous_7)","decl":{"start":{"line":5,"column":36},"end":{"line":5,"column":39}},"loc":{"start":{"line":5,"column":41},"end":{"line":7,"column":1}}},"1":{"name":"(anonymous_8)","decl":{"start":{"line":9,"column":28},"end":{"line":9,"column":35}},"loc":{"start":{"line":9,"column":61},"end":{"line":12,"column":2}}},"2":{"name":"(anonymous_9)","decl":{"start":{"line":9,"column":61},"end":{"line":9,"column":null}},"loc":{"start":{"line":9,"column":61},"end":{"line":12,"column":1}}}},"branchMap":{},"s":{"0":3,"1":3,"2":3,"3":5,"4":3,"5":3,"6":0,"7":0,"8":0,"9":3},"f":{"0":5,"1":0,"2":0},"b":{}}
,"C:\\Users\\dhs22\\Documents\\react-study\\teste-u4c\\src\\services\\user.ts": {"path":"C:\\Users\\dhs22\\Documents\\react-study\\teste-u4c\\src\\services\\user.ts","statementMap":{"0":{"start":{"line":1,"column":0},"end":{"line":1,"column":35}},"1":{"start":{"line":2,"column":0},"end":{"line":2,"column":34}},"2":{"start":{"line":5,"column":31},"end":{"line":5,"column":48}},"3":{"start":{"line":5,"column":37},"end":{"line":5,"column":48}},"4":{"start":{"line":5,"column":13},"end":{"line":5,"column":31}},"5":{"start":{"line":7,"column":23},"end":{"line":13,"column":null}},"6":{"start":{"line":7,"column":66},"end":{"line":13,"column":null}},"7":{"start":{"line":8,"column":25},"end":{"line":8,"column":59}},"8":{"start":{"line":9,"column":31},"end":{"line":11,"column":4}},"9":{"start":{"line":12,"column":2},"end":{"line":12,"column":14}},"10":{"start":{"line":7,"column":13},"end":{"line":7,"column":23}},"11":{"start":{"line":15,"column":24},"end":{"line":19,"column":null}},"12":{"start":{"line":15,"column":49},"end":{"line":19,"column":null}},"13":{"start":{"line":16,"column":25},"end":{"line":16,"column":59}},"14":{"start":{"line":17,"column":36},"end":{"line":17,"column":67}},"15":{"start":{"line":18,"column":2},"end":{"line":18,"column":19}},"16":{"start":{"line":15,"column":13},"end":{"line":15,"column":24}}},"fnMap":{"0":{"name":"(anonymous_7)","decl":{"start":{"line":5,"column":31},"end":{"line":5,"column":34}},"loc":{"start":{"line":5,"column":37},"end":{"line":5,"column":48}}},"1":{"name":"(anonymous_8)","decl":{"start":{"line":7,"column":23},"end":{"line":7,"column":30}},"loc":{"start":{"line":7,"column":66},"end":{"line":13,"column":null}}},"2":{"name":"(anonymous_9)","decl":{"start":{"line":7,"column":66},"end":{"line":7,"column":null}},"loc":{"start":{"line":7,"column":66},"end":{"line":13,"column":1}}},"3":{"name":"(anonymous_10)","decl":{"start":{"line":15,"column":24},"end":{"line":15,"column":31}},"loc":{"start":{"line":15,"column":49},"end":{"line":19,"column":null}}},"4":{"name":"(anonymous_11)","decl":{"start":{"line":15,"column":49},"end":{"line":15,"column":null}},"loc":{"start":{"line":15,"column":49},"end":{"line":19,"column":1}}}},"branchMap":{},"s":{"0":3,"1":3,"2":3,"3":1,"4":3,"5":3,"6":0,"7":0,"8":0,"9":0,"10":3,"11":3,"12":0,"13":0,"14":0,"15":0,"16":3},"f":{"0":1,"1":0,"2":0,"3":0,"4":0},"b":{}}
,"C:\\Users\\dhs22\\Documents\\react-study\\teste-u4c\\src\\services\\vehicles.ts": {"path":"C:\\Users\\dhs22\\Documents\\react-study\\teste-u4c\\src\\services\\vehicles.ts","statementMap":{"0":{"start":{"line":1,"column":0},"end":{"line":1,"column":35}},"1":{"start":{"line":2,"column":0},"end":{"line":2,"column":37}},"2":{"start":{"line":5,"column":35},"end":{"line":12,"column":1}},"3":{"start":{"line":5,"column":46},"end":{"line":5,"column":61}},"4":{"start":{"line":6,"column":30},"end":{"line":6,"column":44}},"5":{"start":{"line":7,"column":2},"end":{"line":10,"column":4}},"6":{"start":{"line":11,"column":2},"end":{"line":11,"column":17}},"7":{"start":{"line":5,"column":13},"end":{"line":5,"column":35}},"8":{"start":{"line":14,"column":27},"end":{"line":17,"column":2}},"9":{"start":{"line":14,"column":59},"end":{"line":17,"column":2}},"10":{"start":{"line":15,"column":29},"end":{"line":15,"column":66}},"11":{"start":{"line":16,"column":2},"end":{"line":16,"column":42}},"12":{"start":{"line":14,"column":13},"end":{"line":14,"column":27}},"13":{"start":{"line":19,"column":26},"end":{"line":25,"column":null}},"14":{"start":{"line":19,"column":69},"end":{"line":25,"column":null}},"15":{"start":{"line":20,"column":25},"end":{"line":20,"column":62}},"16":{"start":{"line":21,"column":38},"end":{"line":23,"column":4}},"17":{"start":{"line":24,"column":2},"end":{"line":24,"column":17}},"18":{"start":{"line":19,"column":13},"end":{"line":19,"column":26}}},"fnMap":{"0":{"name":"(anonymous_8)","decl":{"start":{"line":5,"column":35},"end":{"line":5,"column":36}},"loc":{"start":{"line":5,"column":65},"end":{"line":12,"column":1}}},"1":{"name":"(anonymous_9)","decl":{"start":{"line":14,"column":27},"end":{"line":14,"column":34}},"loc":{"start":{"line":14,"column":59},"end":{"line":17,"column":2}}},"2":{"name":"(anonymous_10)","decl":{"start":{"line":14,"column":59},"end":{"line":14,"column":null}},"loc":{"start":{"line":14,"column":59},"end":{"line":17,"column":1}}},"3":{"name":"(anonymous_11)","decl":{"start":{"line":19,"column":26},"end":{"line":19,"column":33}},"loc":{"start":{"line":19,"column":69},"end":{"line":25,"column":null}}},"4":{"name":"(anonymous_12)","decl":{"start":{"line":19,"column":69},"end":{"line":19,"column":null}},"loc":{"start":{"line":19,"column":69},"end":{"line":25,"column":1}}}},"branchMap":{},"s":{"0":3,"1":3,"2":3,"3":1,"4":1,"5":1,"6":1,"7":3,"8":3,"9":0,"10":0,"11":0,"12":3,"13":3,"14":0,"15":0,"16":0,"17":0,"18":3},"f":{"0":1,"1":0,"2":0,"3":0,"4":0},"b":{}}
,"C:\\Users\\dhs22\\Documents\\react-study\\teste-u4c\\src\\utils\\validate.ts": {"path":"C:\\Users\\dhs22\\Documents\\react-study\\teste-u4c\\src\\utils\\validate.ts","statementMap":{"0":{"start":{"line":1,"column":0},"end":{"line":1,"column":22}},"1":{"start":{"line":3,"column":13},"end":{"line":9,"column":3}},"2":{"start":{"line":11,"column":13},"end":{"line":18,"column":3}},"3":{"start":{"line":20,"column":13},"end":{"line":24,"column":3}},"4":{"start":{"line":26,"column":13},"end":{"line":37,"column":3}}},"fnMap":{},"branchMap":{},"s":{"0":3,"1":3,"2":3,"3":3,"4":3},"f":{},"b":{}}
}
