TN:
SF:mocks.js
FNF:0
FNH:0
DA:1,3
DA:12,3
DA:29,3
DA:62,3
LF:4
LH:4
BRF:0
BRH:0
end_of_record
TN:
SF:src\index.ts
FN:29,(anonymous_13)
FN:37,(anonymous_14)
FN:37,(anonymous_15)
FN:42,(anonymous_16)
FNF:4
FNH:2
FNDA:0,(anonymous_13)
FNDA:3,(anonymous_14)
FNDA:3,(anonymous_15)
FNDA:0,(anonymous_16)
DA:1,3
DA:2,3
DA:3,3
DA:4,3
DA:5,3
DA:7,3
DA:15,3
DA:17,3
DA:28,3
DA:29,0
DA:31,3
DA:35,3
DA:37,3
DA:38,3
DA:39,3
DA:42,3
DA:43,0
DA:44,0
DA:47,3
DA:49,3
LF:20
LH:17
BRDA:32,0,0,3
BRDA:32,0,1,0
BRDA:33,1,0,3
BRDA:33,1,1,0
BRF:4
BRH:2
end_of_record
TN:
SF:src\controllers\incidents.ts
FN:10,(anonymous_9)
FN:10,(anonymous_10)
FNF:2
FNH:2
FNDA:5,(anonymous_9)
FNDA:5,(anonymous_10)
DA:2,3
DA:3,3
DA:6,3
DA:7,3
DA:8,3
DA:10,5
DA:16,5
DA:18,5
DA:19,5
DA:20,5
DA:21,1
DA:25,4
DA:26,3
DA:28,1
DA:29,1
DA:34,1
DA:43,1
DA:44,1
DA:47,4
DA:48,4
DA:49,1
DA:53,3
DA:54,3
DA:55,1
DA:59,2
DA:67,2
DA:68,2
DA:69,2
DA:70,2
DA:72,2
LF:30
LH:30
BRDA:20,0,0,1
BRDA:20,1,0,5
BRDA:20,1,1,5
BRDA:25,2,0,3
BRDA:25,2,1,1
BRDA:25,3,0,4
BRDA:25,3,1,4
BRDA:48,4,0,1
BRDA:48,5,0,4
BRDA:48,5,1,4
BRDA:54,6,0,1
BRDA:54,7,0,3
BRDA:54,7,1,3
BRF:13
BRH:13
end_of_record
TN:
SF:src\controllers\index.ts
FNF:0
FNH:0
DA:1,3
DA:2,3
DA:3,3
LF:3
LH:3
BRF:0
BRH:0
end_of_record
TN:
SF:src\controllers\users.ts
FN:6,(anonymous_9)
FN:6,(anonymous_10)
FN:31,(anonymous_11)
FN:31,(anonymous_12)
FNF:4
FNH:4
FNDA:2,(anonymous_9)
FNDA:2,(anonymous_10)
FNDA:2,(anonymous_11)
FNDA:2,(anonymous_12)
DA:1,3
DA:4,3
DA:6,3
DA:9,2
DA:11,2
DA:12,2
DA:14,2
DA:24,2
DA:25,2
DA:31,3
DA:34,2
DA:36,2
DA:37,2
DA:38,1
DA:46,1
DA:49,2
LF:16
LH:16
BRDA:11,0,0,2
BRDA:11,0,1,0
BRDA:12,1,0,1
BRDA:12,1,1,1
BRDA:37,2,0,1
BRDA:37,3,0,2
BRDA:37,3,1,2
BRF:7
BRH:6
end_of_record
TN:
SF:src\controllers\vehicles.ts
FN:6,(anonymous_8)
FN:6,(anonymous_9)
FNF:2
FNH:2
FNDA:2,(anonymous_8)
FNDA:2,(anonymous_9)
DA:3,3
DA:4,3
DA:6,3
DA:9,2
DA:10,2
DA:11,2
DA:12,1
DA:16,1
DA:19,1
DA:20,1
DA:22,1
LF:11
LH:11
BRDA:11,0,0,1
BRDA:11,1,0,2
BRDA:11,1,1,2
BRF:3
BRH:3
end_of_record
TN:
SF:src\entity\Incidents.ts
FN:10,(anonymous_2)
FN:10,(anonymous_3)
FN:13,(anonymous_4)
FN:13,(anonymous_5)
FN:16,(anonymous_6)
FN:16,(anonymous_7)
FNF:6
FNH:6
FNDA:2,(anonymous_2)
FNDA:2,(anonymous_3)
FNDA:2,(anonymous_4)
FNDA:2,(anonymous_5)
FNDA:2,(anonymous_6)
FNDA:2,(anonymous_7)
DA:1,3
DA:3,3
DA:6,3
DA:7,3
DA:10,3
DA:13,3
DA:16,3
DA:19,3
DA:22,3
DA:25,3
LF:10
LH:10
BRF:0
BRH:0
end_of_record
TN:
SF:src\entity\Users.ts
FN:33,(anonymous_2)
FN:33,(anonymous_3)
FN:36,(anonymous_4)
FN:36,(anonymous_5)
FN:39,(anonymous_6)
FN:39,(anonymous_7)
FNF:6
FNH:6
FNDA:2,(anonymous_2)
FNDA:2,(anonymous_3)
FNDA:2,(anonymous_4)
FNDA:2,(anonymous_5)
FNDA:2,(anonymous_6)
FNDA:2,(anonymous_7)
DA:1,3
DA:2,3
DA:5,3
DA:6,3
DA:9,3
DA:12,3
DA:15,3
DA:18,3
DA:21,3
DA:24,3
DA:27,3
DA:30,3
DA:33,3
DA:36,3
DA:39,3
LF:15
LH:15
BRF:0
BRH:0
end_of_record
TN:
SF:src\entity\Vehicles.ts
FN:26,(anonymous_2)
FN:26,(anonymous_3)
FN:29,(anonymous_4)
FN:29,(anonymous_5)
FNF:4
FNH:4
FNDA:2,(anonymous_2)
FNDA:2,(anonymous_3)
FNDA:2,(anonymous_4)
FNDA:2,(anonymous_5)
DA:1,3
DA:6,3
DA:9,3
DA:10,3
DA:13,3
DA:16,3
DA:20,3
DA:23,3
DA:26,3
DA:29,3
LF:10
LH:10
BRF:0
BRH:0
end_of_record
TN:
SF:src\entity\index.ts
FN:1,(anonymous_0)
FN:2,(anonymous_1)
FN:3,(anonymous_2)
FNF:3
FNH:3
FNDA:18,(anonymous_0)
FNDA:10,(anonymous_1)
FNDA:13,(anonymous_2)
DA:1,21
DA:2,13
DA:3,16
LF:3
LH:3
BRF:0
BRH:0
end_of_record
TN:
SF:src\routes\incidents.ts
FNF:0
FNH:0
DA:1,3
DA:3,3
DA:5,3
LF:3
LH:3
BRF:0
BRH:0
end_of_record
TN:
SF:src\routes\index.ts
FN:1,(anonymous_0)
FN:2,(anonymous_1)
FN:3,(anonymous_2)
FNF:3
FNH:3
FNDA:3,(anonymous_0)
FNDA:3,(anonymous_1)
FNDA:3,(anonymous_2)
DA:1,6
DA:2,6
DA:3,6
LF:3
LH:3
BRF:0
BRH:0
end_of_record
TN:
SF:src\routes\users.ts
FNF:0
FNH:0
DA:1,3
DA:3,3
DA:5,3
LF:3
LH:3
BRF:0
BRH:0
end_of_record
TN:
SF:src\routes\vehicles.ts
FNF:0
FNH:0
DA:1,3
DA:3,3
DA:5,3
LF:3
LH:3
BRF:0
BRH:0
end_of_record
TN:
SF:src\services\incident.ts
FN:5,(anonymous_7)
FN:9,(anonymous_8)
FN:9,(anonymous_9)
FNF:3
FNH:1
FNDA:5,(anonymous_7)
FNDA:0,(anonymous_8)
FNDA:0,(anonymous_9)
DA:1,3
DA:2,3
DA:5,3
DA:6,5
DA:9,3
DA:10,0
DA:11,0
LF:7
LH:5
BRF:0
BRH:0
end_of_record
TN:
SF:src\services\user.ts
FN:5,(anonymous_7)
FN:7,(anonymous_8)
FN:7,(anonymous_9)
FN:15,(anonymous_10)
FN:15,(anonymous_11)
FNF:5
FNH:1
FNDA:1,(anonymous_7)
FNDA:0,(anonymous_8)
FNDA:0,(anonymous_9)
FNDA:0,(anonymous_10)
FNDA:0,(anonymous_11)
DA:1,3
DA:2,3
DA:5,3
DA:7,3
DA:8,0
DA:9,0
DA:12,0
DA:15,3
DA:16,0
DA:17,0
DA:18,0
LF:11
LH:5
BRF:0
BRH:0
end_of_record
TN:
SF:src\services\vehicles.ts
FN:5,(anonymous_8)
FN:14,(anonymous_9)
FN:14,(anonymous_10)
FN:19,(anonymous_11)
FN:19,(anonymous_12)
FNF:5
FNH:1
FNDA:1,(anonymous_8)
FNDA:0,(anonymous_9)
FNDA:0,(anonymous_10)
FNDA:0,(anonymous_11)
FNDA:0,(anonymous_12)
DA:1,3
DA:2,3
DA:5,3
DA:6,1
DA:7,1
DA:11,1
DA:14,3
DA:15,0
DA:16,0
DA:19,3
DA:20,0
DA:21,0
DA:24,0
LF:13
LH:8
BRF:0
BRH:0
end_of_record
TN:
SF:src\utils\validate.ts
FNF:0
FNH:0
DA:1,3
DA:3,3
DA:11,3
DA:20,3
DA:26,3
LF:5
LH:5
BRF:0
BRH:0
end_of_record
